[2018-06-10 14:03:53,600] {connectionpool.py:212} DEBUG - Starting new HTTP connection (1): piplates-1.local
[2018-06-10 14:03:53,783] {connectionpool.py:400} DEBUG - http://piplates-1.local:5000 "POST /api/v1/relay/all-high HTTP/1.1" 200 2525
[2018-06-10 14:03:55,435] {connectionpool.py:212} DEBUG - Starting new HTTP connection (1): piplates-1.local
[2018-06-10 14:03:55,524] {connectionpool.py:400} DEBUG - http://piplates-1.local:5000 "POST /api/v1/relay/all-low HTTP/1.1" 200 2525
[2018-06-10 14:03:56,781] {connectionpool.py:212} DEBUG - Starting new HTTP connection (1): piplates-1.local
[2018-06-10 14:03:56,870] {connectionpool.py:400} DEBUG - http://piplates-1.local:5000 "POST /api/v1/relay/all-high HTTP/1.1" 200 2525
[2018-06-10 14:03:58,009] {connectionpool.py:212} DEBUG - Starting new HTTP connection (1): piplates-1.local
[2018-06-10 14:03:58,103] {connectionpool.py:400} DEBUG - http://piplates-1.local:5000 "POST /api/v1/relay/all-low HTTP/1.1" 200 2525
[2018-06-10 14:03:59,346] {connectionpool.py:212} DEBUG - Starting new HTTP connection (1): piplates-1.local
[2018-06-10 14:03:59,434] {connectionpool.py:400} DEBUG - http://piplates-1.local:5000 "POST /api/v1/relay/all-high HTTP/1.1" 200 2525
[2018-06-10 14:05:58,070] {connectionpool.py:212} DEBUG - Starting new HTTP connection (1): piplates-1.local
[2018-06-10 14:05:58,279] {connectionpool.py:400} DEBUG - http://piplates-1.local:5000 "POST /api/v1/relay/1 HTTP/1.1" 500 None
[2018-06-10 14:05:59,648] {connectionpool.py:212} DEBUG - Starting new HTTP connection (1): piplates-1.local
[2018-06-10 14:05:59,761] {connectionpool.py:400} DEBUG - http://piplates-1.local:5000 "POST /api/v1/relay/1 HTTP/1.1" 500 None
[2018-06-10 14:06:00,724] {connectionpool.py:212} DEBUG - Starting new HTTP connection (1): piplates-1.local
[2018-06-10 14:06:00,824] {connectionpool.py:400} DEBUG - http://piplates-1.local:5000 "POST /api/v1/relay/1 HTTP/1.1" 500 None
[2018-06-10 14:06:01,688] {connectionpool.py:212} DEBUG - Starting new HTTP connection (1): piplates-1.local
[2018-06-10 14:06:01,803] {connectionpool.py:400} DEBUG - http://piplates-1.local:5000 "POST /api/v1/relay/1 HTTP/1.1" 500 None
[2018-06-10 14:07:25,016] {connectionpool.py:212} DEBUG - Starting new HTTP connection (1): piplates-1.local
[2018-06-10 14:07:25,098] {connectionpool.py:400} DEBUG - http://piplates-1.local:5000 "POST /api/v1/relay/1 HTTP/1.1" 500 None
[2018-06-10 14:07:26,502] {connectionpool.py:212} DEBUG - Starting new HTTP connection (1): piplates-1.local
[2018-06-10 14:07:26,614] {connectionpool.py:400} DEBUG - http://piplates-1.local:5000 "POST /api/v1/relay/1 HTTP/1.1" 500 None
[2018-06-10 14:10:28,429] {connectionpool.py:212} DEBUG - Starting new HTTP connection (1): piplates-1.local
[2018-06-10 14:10:28,596] {connectionpool.py:400} DEBUG - http://piplates-1.local:5000 "POST /api/v1/relay/1 HTTP/1.1" 500 None
[2018-06-10 14:10:54,477] {connectionpool.py:212} DEBUG - Starting new HTTP connection (1): piplates-1.local
[2018-06-10 14:10:54,562] {connectionpool.py:400} DEBUG - http://piplates-1.local:5000 "POST /api/v1/relay/1 HTTP/1.1" 500 None
[2018-06-10 14:11:28,140] {connectionpool.py:212} DEBUG - Starting new HTTP connection (1): piplates-1.local
[2018-06-10 14:11:28,240] {connectionpool.py:400} DEBUG - http://piplates-1.local:5000 "POST /api/v1/relay/1 HTTP/1.1" 500 None
[2018-06-10 14:11:30,421] {connectionpool.py:212} DEBUG - Starting new HTTP connection (1): piplates-1.local
[2018-06-10 14:11:30,523] {connectionpool.py:400} DEBUG - http://piplates-1.local:5000 "POST /api/v1/relay/1 HTTP/1.1" 500 None
[2018-06-10 14:12:19,155] {connectionpool.py:212} DEBUG - Starting new HTTP connection (1): piplates-1.local
[2018-06-10 14:12:19,248] {connectionpool.py:400} DEBUG - http://piplates-1.local:5000 "POST /api/v1/relay/1 HTTP/1.1" 500 None
[2018-06-10 14:14:44,906] {connectionpool.py:212} DEBUG - Starting new HTTP connection (1): piplates-1.local
[2018-06-10 14:14:45,029] {connectionpool.py:400} DEBUG - http://piplates-1.local:5000 "POST /api/v1/relay/1 HTTP/1.1" 200 119
[2018-06-10 14:15:10,859] {connectionpool.py:212} DEBUG - Starting new HTTP connection (1): piplates-1.local
[2018-06-10 14:15:10,879] {connectionpool.py:400} DEBUG - http://piplates-1.local:5000 "POST /api/v1/relay/1 HTTP/1.1" 200 119
[2018-06-10 14:17:01,844] {connectionpool.py:212} DEBUG - Starting new HTTP connection (1): piplates-1.local
[2018-06-10 14:17:01,961] {connectionpool.py:400} DEBUG - http://piplates-1.local:5000 "POST /api/v1/relay/1 HTTP/1.1" 200 119
[2018-06-10 14:17:09,467] {connectionpool.py:212} DEBUG - Starting new HTTP connection (1): piplates-1.local
[2018-06-10 14:17:09,487] {connectionpool.py:400} DEBUG - http://piplates-1.local:5000 "POST /api/v1/relay/1 HTTP/1.1" 200 119
[2018-06-10 14:18:36,618] {connectionpool.py:212} DEBUG - Starting new HTTP connection (1): piplates-1.local
[2018-06-10 14:18:36,637] {connectionpool.py:400} DEBUG - http://piplates-1.local:5000 "POST /api/v1/relay/1 HTTP/1.1" 200 119
[2018-06-10 14:21:55,008] {connectionpool.py:212} DEBUG - Starting new HTTP connection (1): piplates-1.local
[2018-06-10 14:21:55,126] {connectionpool.py:400} DEBUG - http://piplates-1.local:5000 "POST /api/v1/relay/1 HTTP/1.1" 200 119
[2018-06-10 14:22:35,469] {connectionpool.py:212} DEBUG - Starting new HTTP connection (1): piplates-1.local
[2018-06-10 14:22:35,491] {connectionpool.py:400} DEBUG - http://piplates-1.local:5000 "POST /api/v1/relay/1 HTTP/1.1" 200 119
[2018-06-10 14:22:41,568] {connectionpool.py:212} DEBUG - Starting new HTTP connection (1): piplates-1.local
[2018-06-10 14:22:41,589] {connectionpool.py:400} DEBUG - http://piplates-1.local:5000 "POST /api/v1/relay/1 HTTP/1.1" 200 119
